<?xml version="1.0" encoding="UTF-8"?>
<!-- Generated by org.testng.reporters.JUnitReportReporter -->
<testsuite skipped="0" hostname="NOELIA-PC" name="suiteTest.Regresion_Socios" tests="2" failures="0" timestamp="27 jun 2019 22:18:35 GMT" time="163.530" errors="0">
  <testcase name="VC_Videoconsulta_01" time="137.708" classname="suiteTest.Regresion_Socios"/>
  <testcase name="M_AtenderVC_01" time="25.822" classname="suiteTest.Regresion_Socios"/>
</testsuite> <!-- suiteTest.Regresion_Socios -->
