<?xml version="1.0" encoding="UTF-8"?>
<!-- Generated by org.testng.reporters.JUnitReportReporter -->
<testsuite skipped="0" hostname="SMSL044" name="suiteTest.Regresion_RecuperarImagen" tests="1" failures="0" timestamp="25 jul 2019 18:06:19 GMT" time="452.151" errors="0">
  <testcase name="Test_Imagen_01" time="452.151" classname="suiteTest.Regresion_RecuperarImagen"/>
</testsuite> <!-- suiteTest.Regresion_RecuperarImagen -->
