<?xml version="1.0" encoding="UTF-8"?>
<!-- Generated by org.testng.reporters.JUnitReportReporter -->
<testsuite skipped="0" hostname="NOELIA-PC" name="suiteTest.Regresion_Despacho" tests="20" failures="0" timestamp="25 jun 2019 17:01:48 GMT" time="619.456" errors="0">
  <testcase name="D_Seccion_Invitacion_02" time="16.278" classname="suiteTest.Regresion_Despacho"/>
  <testcase name="D_Seccion_Invitacion_14" time="7.893" classname="suiteTest.Regresion_Despacho"/>
  <testcase name="D_Seccion_Invitacion_16" time="6.949" classname="suiteTest.Regresion_Despacho"/>
  <testcase name="D_Seccion_Invitacion_10" time="24.455" classname="suiteTest.Regresion_Despacho"/>
  <testcase name="D_Seccion_Invitacion_13" time="7.906" classname="suiteTest.Regresion_Despacho"/>
  <testcase name="M_AtenderVC_01" time="25.424" classname="suiteTest.Regresion_Despacho"/>
  <testcase name="D_Seccion_Invitacion_08" time="21.433" classname="suiteTest.Regresion_Despacho"/>
  <testcase name="D_Seccion_Invitacion_04" time="30.685" classname="suiteTest.Regresion_Despacho"/>
  <testcase name="D_Seccion_Invitacion_09" time="36.624" classname="suiteTest.Regresion_Despacho"/>
  <testcase name="D_Seccion_Invitacion_22" time="127.857" classname="suiteTest.Regresion_Despacho"/>
  <testcase name="D_Seccion_Invitacion_12" time="6.575" classname="suiteTest.Regresion_Despacho"/>
  <testcase name="D_Seccion_Invitacion_20" time="81.336" classname="suiteTest.Regresion_Despacho"/>
  <testcase name="D_Seccion_Invitacion_01" time="34.111" classname="suiteTest.Regresion_Despacho"/>
  <testcase name="D_Seccion_Invitacion_11" time="38.420" classname="suiteTest.Regresion_Despacho"/>
  <testcase name="D_Seccion_Invitacion_03" time="11.368" classname="suiteTest.Regresion_Despacho"/>
  <testcase name="D_Seccion_Invitacion_15" time="8.008" classname="suiteTest.Regresion_Despacho"/>
  <testcase name="D_Seccion_Invitacion_21" time="78.548" classname="suiteTest.Regresion_Despacho"/>
  <testcase name="D_Seccion_Invitacion_07" time="21.417" classname="suiteTest.Regresion_Despacho"/>
  <testcase name="D_Seccion_Invitacion_06" time="21.967" classname="suiteTest.Regresion_Despacho"/>
  <testcase name="D_Seccion_Invitacion_05" time="12.202" classname="suiteTest.Regresion_Despacho"/>
</testsuite> <!-- suiteTest.Regresion_Despacho -->
