<?xml version="1.0" encoding="UTF-8"?>
<!-- Generated by org.testng.reporters.JUnitReportReporter -->
<testsuite skipped="0" hostname="NOELIA-PC" name="suiteTest.Regresion_Videoconsultas" tests="2" failures="0" timestamp="27 jun 2019 18:59:29 GMT" time="165.775" errors="0">
  <testcase name="M_AtenderVC_01" time="26.023" classname="suiteTest.Regresion_Videoconsultas"/>
  <testcase name="VC_Videoconsulta_01" time="139.752" classname="suiteTest.Regresion_Videoconsultas"/>
</testsuite> <!-- suiteTest.Regresion_Videoconsultas -->
