<?xml version="1.0" encoding="UTF-8"?>
<!-- Generated by org.testng.reporters.JUnitReportReporter -->
<testsuite skipped="0" hostname="NOELIA-PC" name="suiteTest.Regresion_RecuperarImagen" tests="1" failures="0" timestamp="21 jul 2019 23:48:52 GMT" time="395.930" errors="0">
  <testcase name="Test_Imagen_01" time="395.930" classname="suiteTest.Regresion_RecuperarImagen"/>
</testsuite> <!-- suiteTest.Regresion_RecuperarImagen -->
