<?xml version="1.0" encoding="UTF-8"?>
<!-- Generated by org.testng.reporters.JUnitReportReporter -->
<testsuite skipped="0" hostname="NOELIA-PC" name="suiteTest.Regresion_Socio" tests="2" failures="0" timestamp="28 jun 2019 03:23:04 GMT" time="140.389" errors="0">
  <testcase name="M_AtenderVC_01" time="20.923" classname="suiteTest.Regresion_Socio"/>
  <testcase name="VC_Videoconsulta_01" time="119.466" classname="suiteTest.Regresion_Socio"/>
</testsuite> <!-- suiteTest.Regresion_Socio -->
