<?xml version="1.0" encoding="UTF-8"?>
<!-- Generated by org.testng.reporters.JUnitReportReporter -->
<testsuite skipped="0" hostname="NOELIA-PC" name="suiteTest.Regresion_RecuperarImagen" tests="1" failures="0" timestamp="26 jul 2019 02:15:21 GMT" time="391.540" errors="0">
  <testcase name="Test_Imagen_02" time="391.540" classname="suiteTest.Regresion_RecuperarImagen"/>
</testsuite> <!-- suiteTest.Regresion_RecuperarImagen -->
