<?xml version="1.0" encoding="UTF-8"?>
<!-- Generated by org.testng.reporters.JUnitReportReporter -->
<testsuite skipped="0" hostname="NOELIA-PC" name="suiteTest.Regresion_RecuperarImagen" tests="1" failures="0" timestamp="22 jul 2019 23:43:21 GMT" time="1347.244" errors="0">
  <testcase name="Test_Imagen_01" time="1347.244" classname="suiteTest.Regresion_RecuperarImagen"/>
</testsuite> <!-- suiteTest.Regresion_RecuperarImagen -->
